<?xml version="1.0" encoding="UTF-8"?>
<testsuite xmlns:xsi="http://www.w3.org/2001/XMLSchema-instance" xsi:noNamespaceSchemaLocation="https://maven.apache.org/surefire/maven-surefire-plugin/xsd/surefire-test-report.xsd" version="3.0.2" name="com.pep1devsecops.pep1devsecops.LibroServiceTest" time="1.192" tests="12" errors="0" skipped="0" failures="0">
  <properties>
[...]
</properties>
  <testcase name="testVenderLibro_NotEnoughStock" classname="com.pep1devsecops.pep1devsecops.LibroServiceTest" time="1.115"/>
  <testcase name="testDeleteLibro" classname="com.pep1devsecops.pep1devsecops.LibroServiceTest" time="0.008"/>
  <testcase name="testUpdateLibro" classname="com.pep1devsecops.pep1devsecops.LibroServiceTest" time="0.006"/>
  <testcase name="testGetLibroByTitulo" classname="com.pep1devsecops.pep1devsecops.LibroServiceTest" time="0.003"/>
  <testcase name="testDeleteLibroByTitulo" classname="com.pep1devsecops.pep1devsecops.LibroServiceTest" time="0.004"/>
  <testcase name="testVenderLibro_NotFound" classname="com.pep1devsecops.pep1devsecops.LibroServiceTest" time="0.004"/>
  <testcase name="testSaveLibro" classname="com.pep1devsecops.pep1devsecops.LibroServiceTest" time="0.004"/>
  <testcase name="testDeleteLibro_Exception" classname="com.pep1devsecops.pep1devsecops.LibroServiceTest" time="0.005"/>
  <testcase name="testGetLibros" classname="com.pep1devsecops.pep1devsecops.LibroServiceTest" time="0.003"/>
  <testcase name="testVenderLibro_Success" classname="com.pep1devsecops.pep1devsecops.LibroServiceTest" time="0.005"/>
  <testcase name="testDeleteLibroByTitulo_Exception" classname="com.pep1devsecops.pep1devsecops.LibroServiceTest" time="0.006"/>
  <testcase name="testGetLibroById" classname="com.pep1devsecops.pep1devsecops.LibroServiceTest" time="0.003"/>
</testsuite>