<?xml version="1.0" encoding="UTF-8"?>
<testsuite xmlns:xsi="http://www.w3.org/2001/XMLSchema-instance" xsi:noNamespaceSchemaLocation="https://maven.apache.org/surefire/maven-surefire-plugin/xsd/surefire-test-report.xsd" version="3.0.2" name="com.pep1devsecops.pep1devsecops.Pep1devsecopsApplicationTests" time="4.491" tests="1" errors="0" skipped="0" failures="0">
  <properties>
[...]
</properties>
  <testcase name="contextLoads" classname="com.pep1devsecops.pep1devsecops.Pep1devsecopsApplicationTests" time="0.021">
    <system-out><![CDATA[01:45:06.598 [main] INFO org.springframework.test.context.support.AnnotationConfigContextLoaderUtils -- Could not detect default configuration classes for test class [com.pep1devsecops.pep1devsecops.Pep1devsecopsApplicationTests]: Pep1devsecopsApplicationTests does not declare any static, non-private, non-final, nested classes annotated with @Configuration.
01:45:06.712 [main] INFO org.springframework.boot.test.context.SpringBootTestContextBootstrapper -- Found @SpringBootConfiguration com.pep1devsecops.pep1devsecops.Pep1devsecopsApplication for test class com.pep1devsecops.pep1devsecops.Pep1devsecopsApplicationTests

  .   ____          _            __ _ _
 /\\ / ___'_ __ _ _(_)_ __  __ _ \ \ \ \
( ( )\___ | '_ | '_| | '_ \/ _` | \ \ \ \
 \\/  ___)| |_)| | | | | || (_| |  ) ) ) )
  '  |____| .__|_| |_|_| |_\__, | / / / /
 =========|_|==============|___/=/_/_/_/

 :: Spring Boot ::                (v3.4.4)

2025-04-07T01:45:07.142-04:00  INFO 10156 --- [pep1devsecops] [           main] c.p.p.Pep1devsecopsApplicationTests      : Starting Pep1devsecopsApplicationTests using Java 17.0.14 with PID 10156 (started by Israel in C:\Users\Israel\Desktop\taller devsecops\pep1devsecops\pep1devsecops)
2025-04-07T01:45:07.144-04:00  INFO 10156 --- [pep1devsecops] [           main] c.p.p.Pep1devsecopsApplicationTests      : No active profile set, falling back to 1 default profile: "default"
2025-04-07T01:45:07.728-04:00  INFO 10156 --- [pep1devsecops] [           main] .s.d.r.c.RepositoryConfigurationDelegate : Bootstrapping Spring Data JPA repositories in DEFAULT mode.
2025-04-07T01:45:07.799-04:00  INFO 10156 --- [pep1devsecops] [           main] .s.d.r.c.RepositoryConfigurationDelegate : Finished Spring Data repository scanning in 52 ms. Found 1 JPA repository interface.
2025-04-07T01:45:08.262-04:00  INFO 10156 --- [pep1devsecops] [           main] o.hibernate.jpa.internal.util.LogHelper  : HHH000204: Processing PersistenceUnitInfo [name: default]
2025-04-07T01:45:08.309-04:00  INFO 10156 --- [pep1devsecops] [           main] org.hibernate.Version                    : HHH000412: Hibernate ORM core version 6.6.11.Final
2025-04-07T01:45:08.344-04:00  INFO 10156 --- [pep1devsecops] [           main] o.h.c.internal.RegionFactoryInitiator    : HHH000026: Second-level cache disabled
2025-04-07T01:45:08.467-04:00  INFO 10156 --- [pep1devsecops] [           main] o.s.o.j.p.SpringPersistenceUnitInfo      : No LoadTimeWeaver setup: ignoring JPA class transformer
2025-04-07T01:45:08.497-04:00  INFO 10156 --- [pep1devsecops] [           main] com.zaxxer.hikari.HikariDataSource       : HikariPool-1 - Starting...
2025-04-07T01:45:08.683-04:00  INFO 10156 --- [pep1devsecops] [           main] com.zaxxer.hikari.pool.HikariPool        : HikariPool-1 - Added connection org.postgresql.jdbc.PgConnection@50734cea
2025-04-07T01:45:08.685-04:00  INFO 10156 --- [pep1devsecops] [           main] com.zaxxer.hikari.HikariDataSource       : HikariPool-1 - Start completed.
2025-04-07T01:45:08.715-04:00  WARN 10156 --- [pep1devsecops] [           main] org.hibernate.orm.deprecation            : HHH90000025: PostgreSQLDialect does not need to be specified explicitly using 'hibernate.dialect' (remove the property setting and it will be selected by default)
2025-04-07T01:45:08.732-04:00  INFO 10156 --- [pep1devsecops] [           main] org.hibernate.orm.connections.pooling    : HHH10001005: Database info:
	Database JDBC URL [Connecting through datasource 'HikariDataSource (HikariPool-1)']
	Database driver: undefined/unknown
	Database version: 17.4
	Autocommit mode: undefined/unknown
	Isolation level: undefined/unknown
	Minimum pool size: undefined/unknown
	Maximum pool size: undefined/unknown
2025-04-07T01:45:09.327-04:00  INFO 10156 --- [pep1devsecops] [           main] o.h.e.t.j.p.i.JtaPlatformInitiator       : HHH000489: No JTA platform available (set 'hibernate.transaction.jta.platform' to enable JTA platform integration)
Hibernate: 
    set client_min_messages = WARNING
Hibernate: 
    drop table if exists event_publication cascade
Hibernate: 
    drop table if exists libros cascade
Hibernate: 
    create table event_publication (
        completion_date timestamp(6) with time zone,
        publication_date timestamp(6) with time zone,
        id uuid not null,
        event_type varchar(255),
        listener_id varchar(255),
        serialized_event varchar(255),
        primary key (id)
    )
Hibernate: 
    create table libros (
        anio integer not null,
        precio integer not null,
        stock integer not null,
        id bigint generated by default as identity,
        autor varchar(255),
        descripcion varchar(255),
        titulo varchar(255),
        primary key (id)
    )
2025-04-07T01:45:09.360-04:00  INFO 10156 --- [pep1devsecops] [           main] j.LocalContainerEntityManagerFactoryBean : Initialized JPA EntityManagerFactory for persistence unit 'default'
2025-04-07T01:45:09.772-04:00  INFO 10156 --- [pep1devsecops] [           main] o.s.d.j.r.query.QueryEnhancerFactory     : Hibernate is in classpath; If applicable, HQL parser will be used.
2025-04-07T01:45:10.047-04:00  WARN 10156 --- [pep1devsecops] [           main] JpaBaseConfiguration$JpaWebConfiguration : spring.jpa.open-in-view is enabled by default. Therefore, database queries may be performed during view rendering. Explicitly configure spring.jpa.open-in-view to disable this warning
2025-04-07T01:45:10.880-04:00  INFO 10156 --- [pep1devsecops] [           main] o.s.s.config.TaskSchedulerRouter         : No TaskScheduler/ScheduledExecutorService bean found for scheduled processing
2025-04-07T01:45:10.889-04:00  INFO 10156 --- [pep1devsecops] [           main] c.p.p.Pep1devsecopsApplicationTests      : Started Pep1devsecopsApplicationTests in 4.031 seconds (process running for 6.14)
]]></system-out>
  </testcase>
</testsuite>